<?xml version="1.0" encoding="UTF-8"?>
<!-- Generated by org.testng.reporters.JUnitReportReporter -->
<testsuite hostname="SWETA" failures="0" tests="5" name="main.AutomationDemonstration" time="59.844" errors="0" timestamp="2025-03-26T14:11:25 IST" skipped="0">
  <testcase classname="main.AutomationDemonstration" name="login" time="14.066"/>
  <testcase classname="main.AutomationDemonstration" name="searchProduct" time="32.608"/>
  <testcase classname="main.AutomationDemonstration" name="addItemToCart" time="4.341"/>
  <testcase classname="main.AutomationDemonstration" name="enterAddress" time="3.977"/>
  <testcase classname="main.AutomationDemonstration" name="payment" time="4.852"/>
</testsuite> <!-- main.AutomationDemonstration -->
