<?xml version="1.0" encoding="UTF-8"?>
<!-- Generated by org.testng.reporters.JUnitReportReporter -->
<testsuite hostname="SWETA" failures="0" tests="5" name="AutomationDemonstration" time="54.054" errors="0" timestamp="2025-03-21T02:06:44 IST" skipped="0">
  <testcase classname="AutomationDemonstration" name="login" time="14.013"/>
  <testcase classname="AutomationDemonstration" name="searchProduct" time="25.908"/>
  <testcase classname="AutomationDemonstration" name="addItemToCart" time="4.416"/>
  <testcase classname="AutomationDemonstration" name="enterAddress" time="3.834"/>
  <testcase classname="AutomationDemonstration" name="payment" time="5.883"/>
</testsuite> <!-- AutomationDemonstration -->
